2019-04-10 09:01:11.072  WARN 11648 --- [HikariPool-1 housekeeper] com.zaxxer.hikari.pool.HikariPool        : HikariPool-1 - Thread starvation or clock leap detected (housekeeper delta=18h59m36s495ms349µs954ns).
2019-04-10 09:23:38.633  INFO 17912 --- [main] c.e.d.SupposedToBeAnAwesomeApplication   : Starting SupposedToBeAnAwesomeApplication on OSZ1-LDL-P01964 with PID 17912 (C:\Users\serhii.shvets\git\repository\supposedToBeAnAwesomeApplication\target\classes started by serhii.shvets in C:\Users\serhii.shvets\git\repository\supposedToBeAnAwesomeApplication)
2019-04-10 09:23:38.638  INFO 17912 --- [main] c.e.d.SupposedToBeAnAwesomeApplication   : No active profile set, falling back to default profiles: default
2019-04-10 09:23:39.312  INFO 17912 --- [main] .s.d.r.c.RepositoryConfigurationDelegate : Bootstrapping Spring Data repositories in DEFAULT mode.
2019-04-10 09:23:39.378  INFO 17912 --- [main] .s.d.r.c.RepositoryConfigurationDelegate : Finished Spring Data repository scanning in 58ms. Found 1 repository interfaces.
2019-04-10 09:23:39.704  INFO 17912 --- [main] trationDelegate$BeanPostProcessorChecker : Bean 'org.springframework.transaction.annotation.ProxyTransactionManagementConfiguration' of type [org.springframework.transaction.annotation.ProxyTransactionManagementConfiguration$$EnhancerBySpringCGLIB$$8754739f] is not eligible for getting processed by all BeanPostProcessors (for example: not eligible for auto-proxying)
2019-04-10 09:23:39.983  INFO 17912 --- [main] o.s.b.w.embedded.tomcat.TomcatWebServer  : Tomcat initialized with port(s): 8080 (http)
2019-04-10 09:23:40.006  INFO 17912 --- [main] o.apache.catalina.core.StandardService   : Starting service [Tomcat]
2019-04-10 09:23:40.007  INFO 17912 --- [main] org.apache.catalina.core.StandardEngine  : Starting Servlet engine: [Apache Tomcat/9.0.16]
2019-04-10 09:23:40.014  INFO 17912 --- [main] o.a.catalina.core.AprLifecycleListener   : The APR based Apache Tomcat Native library which allows optimal performance in production environments was not found on the java.library.path: [C:\Program Files\Java\jre1.8.0_201\bin;C:\Windows\Sun\Java\bin;C:\Windows\system32;C:\Windows;C:/Program Files/Java/jre1.8.0_201/bin/server;C:/Program Files/Java/jre1.8.0_201/bin;C:/Program Files/Java/jre1.8.0_201/lib/amd64;C:\Program Files (x86)\Common Files\Oracle\Java\javapath;C:\Program Files (x86)\Intel\Intel(R) Management Engine Components\iCLS\;C:\Program Files\Intel\Intel(R) Management Engine Components\iCLS\;C:\Windows\system32;C:\Windows;C:\Windows\System32\Wbem;C:\Windows\System32\WindowsPowerShell\v1.0\;C:\Windows\System32\OpenSSH\;C:\Program Files\Intel\WiFi\bin\;C:\Program Files\Common Files\Intel\WirelessCommon\;C:\Program Files (x86)\Intel\Intel(R) Management Engine Components\DAL;C:\Program Files\Intel\Intel(R) Management Engine Components\DAL;C:\Program Files (x86)\Intel\Intel(R) Management Engine Components\IPT;C:\Program Files\Intel\Intel(R) Management Engine Components\IPT;C:\Program Files\Git\cmd;C:\Plugins\Maven\apache-maven-3.6.0-bin\apache-maven-3.6.0\bin;C:\Plugins\commons-logging-1.2;C:\Plugins\groovy-2.5.6\bin;C:\Plugins\spring-2.1.3.RELEASE\bin;C:\Program Files\Java\jdk-11.0.2\bin;C:\Gradle\gradle-5.3\bin;;C:\PostgreSQL\pg11\bin;C:\Users\serhii.shvets\AppData\Local\Microsoft\WindowsApps;;C:\Program Files (x86)\sts-bundle\sts-3.9.7.RELEASE;;.]
2019-04-10 09:23:40.129  INFO 17912 --- [main] o.a.c.c.C.[Tomcat].[localhost].[/]       : Initializing Spring embedded WebApplicationContext
2019-04-10 09:23:40.130  INFO 17912 --- [main] o.s.web.context.ContextLoader            : Root WebApplicationContext: initialization completed in 1439 ms
2019-04-10 09:23:40.330  INFO 17912 --- [main] com.zaxxer.hikari.HikariDataSource       : HikariPool-1 - Starting...
2019-04-10 09:23:40.398  INFO 17912 --- [main] com.zaxxer.hikari.pool.PoolBase          : HikariPool-1 - Driver does not support get/set network timeout for connections. (Method org.postgresql.jdbc42.Jdbc42Connection.getNetworkTimeout() is not yet implemented.)
2019-04-10 09:23:40.419  INFO 17912 --- [main] com.zaxxer.hikari.HikariDataSource       : HikariPool-1 - Start completed.
2019-04-10 09:23:40.488  INFO 17912 --- [main] o.hibernate.jpa.internal.util.LogHelper  : HHH000204: Processing PersistenceUnitInfo [
	name: default
	...]
2019-04-10 09:23:40.614  INFO 17912 --- [main] org.hibernate.Version                    : HHH000412: Hibernate Core {5.3.7.Final}
2019-04-10 09:23:40.617  INFO 17912 --- [main] org.hibernate.cfg.Environment            : HHH000206: hibernate.properties not found
2019-04-10 09:23:41.007  INFO 17912 --- [main] o.hibernate.annotations.common.Version   : HCANN000001: Hibernate Commons Annotations {5.0.4.Final}
2019-04-10 09:23:41.174  INFO 17912 --- [main] org.hibernate.dialect.Dialect            : HHH000400: Using dialect: org.hibernate.dialect.PostgreSQLDialect
2019-04-10 09:23:41.194  INFO 17912 --- [main] o.h.e.j.e.i.LobCreatorBuilderImpl        : HHH000422: Disabling contextual LOB creation as connection was null
2019-04-10 09:23:41.202  INFO 17912 --- [main] org.hibernate.type.BasicTypeRegistry     : HHH000270: Type registration [java.util.UUID] overrides previous : org.hibernate.type.UUIDBinaryType@690bc15e
2019-04-10 09:23:41.824  INFO 17912 --- [main] j.LocalContainerEntityManagerFactoryBean : Initialized JPA EntityManagerFactory for persistence unit 'default'
2019-04-10 09:23:42.291  INFO 17912 --- [main] o.s.s.concurrent.ThreadPoolTaskExecutor  : Initializing ExecutorService 'applicationTaskExecutor'
2019-04-10 09:23:42.325  WARN 17912 --- [main] aWebConfiguration$JpaWebMvcConfiguration : spring.jpa.open-in-view is enabled by default. Therefore, database queries may be performed during view rendering. Explicitly configure spring.jpa.open-in-view to disable this warning
2019-04-10 09:23:42.573 ERROR 17912 --- [main] org.apache.catalina.util.LifecycleBase   : Failed to start component [Connector[HTTP/1.1-8080]]

org.apache.catalina.LifecycleException: Protocol handler start failed
	at org.apache.catalina.connector.Connector.startInternal(Connector.java:1008) ~[tomcat-embed-core-9.0.16.jar:9.0.16]
	at org.apache.catalina.util.LifecycleBase.start(LifecycleBase.java:183) ~[tomcat-embed-core-9.0.16.jar:9.0.16]
	at org.apache.catalina.core.StandardService.addConnector(StandardService.java:226) [tomcat-embed-core-9.0.16.jar:9.0.16]
	at org.springframework.boot.web.embedded.tomcat.TomcatWebServer.addPreviouslyRemovedConnectors(TomcatWebServer.java:259) [spring-boot-2.1.3.RELEASE.jar:2.1.3.RELEASE]
	at org.springframework.boot.web.embedded.tomcat.TomcatWebServer.start(TomcatWebServer.java:197) [spring-boot-2.1.3.RELEASE.jar:2.1.3.RELEASE]
	at org.springframework.boot.web.servlet.context.ServletWebServerApplicationContext.startWebServer(ServletWebServerApplicationContext.java:311) [spring-boot-2.1.3.RELEASE.jar:2.1.3.RELEASE]
	at org.springframework.boot.web.servlet.context.ServletWebServerApplicationContext.finishRefresh(ServletWebServerApplicationContext.java:164) [spring-boot-2.1.3.RELEASE.jar:2.1.3.RELEASE]
	at org.springframework.context.support.AbstractApplicationContext.refresh(AbstractApplicationContext.java:552) [spring-context-5.1.5.RELEASE.jar:5.1.5.RELEASE]
	at org.springframework.boot.web.servlet.context.ServletWebServerApplicationContext.refresh(ServletWebServerApplicationContext.java:142) [spring-boot-2.1.3.RELEASE.jar:2.1.3.RELEASE]
	at org.springframework.boot.SpringApplication.refresh(SpringApplication.java:775) [spring-boot-2.1.3.RELEASE.jar:2.1.3.RELEASE]
	at org.springframework.boot.SpringApplication.refreshContext(SpringApplication.java:397) [spring-boot-2.1.3.RELEASE.jar:2.1.3.RELEASE]
	at org.springframework.boot.SpringApplication.run(SpringApplication.java:316) [spring-boot-2.1.3.RELEASE.jar:2.1.3.RELEASE]
	at org.springframework.boot.SpringApplication.run(SpringApplication.java:1260) [spring-boot-2.1.3.RELEASE.jar:2.1.3.RELEASE]
	at org.springframework.boot.SpringApplication.run(SpringApplication.java:1248) [spring-boot-2.1.3.RELEASE.jar:2.1.3.RELEASE]
	at com.example.demo.SupposedToBeAnAwesomeApplication.main(SupposedToBeAnAwesomeApplication.java:12) [classes/:na]
Caused by: java.net.BindException: Address already in use: bind
	at sun.nio.ch.Net.bind0(Native Method) ~[na:1.8.0_201]
	at sun.nio.ch.Net.bind(Unknown Source) ~[na:1.8.0_201]
	at sun.nio.ch.Net.bind(Unknown Source) ~[na:1.8.0_201]
	at sun.nio.ch.ServerSocketChannelImpl.bind(Unknown Source) ~[na:1.8.0_201]
	at sun.nio.ch.ServerSocketAdaptor.bind(Unknown Source) ~[na:1.8.0_201]
	at org.apache.tomcat.util.net.NioEndpoint.initServerSocket(NioEndpoint.java:236) ~[tomcat-embed-core-9.0.16.jar:9.0.16]
	at org.apache.tomcat.util.net.NioEndpoint.bind(NioEndpoint.java:210) ~[tomcat-embed-core-9.0.16.jar:9.0.16]
	at org.apache.tomcat.util.net.AbstractEndpoint.bindWithCleanup(AbstractEndpoint.java:1085) ~[tomcat-embed-core-9.0.16.jar:9.0.16]
	at org.apache.tomcat.util.net.AbstractEndpoint.start(AbstractEndpoint.java:1171) ~[tomcat-embed-core-9.0.16.jar:9.0.16]
	at org.apache.coyote.AbstractProtocol.start(AbstractProtocol.java:568) ~[tomcat-embed-core-9.0.16.jar:9.0.16]
	at org.apache.catalina.connector.Connector.startInternal(Connector.java:1005) ~[tomcat-embed-core-9.0.16.jar:9.0.16]
	... 14 common frames omitted

2019-04-10 09:23:42.578  INFO 17912 --- [main] o.apache.catalina.core.StandardService   : Stopping service [Tomcat]
2019-04-10 09:23:42.587  INFO 17912 --- [main] ConditionEvaluationReportLoggingListener : 

Error starting ApplicationContext. To display the conditions report re-run your application with 'debug' enabled.
2019-04-10 09:23:42.592 ERROR 17912 --- [main] o.s.b.d.LoggingFailureAnalysisReporter   : 

***************************
APPLICATION FAILED TO START
***************************

Description:

The Tomcat connector configured to listen on port 8080 failed to start. The port may already be in use or the connector may be misconfigured.

Action:

Verify the connector's configuration, identify and stop any process that's listening on port 8080, or configure this application to listen on another port.

2019-04-10 09:23:42.597  INFO 17912 --- [main] o.s.s.concurrent.ThreadPoolTaskExecutor  : Shutting down ExecutorService 'applicationTaskExecutor'
2019-04-10 09:23:42.597  INFO 17912 --- [main] j.LocalContainerEntityManagerFactoryBean : Closing JPA EntityManagerFactory for persistence unit 'default'
2019-04-10 09:23:42.600  INFO 17912 --- [main] com.zaxxer.hikari.HikariDataSource       : HikariPool-1 - Shutdown initiated...
2019-04-10 09:23:42.604  INFO 17912 --- [main] com.zaxxer.hikari.HikariDataSource       : HikariPool-1 - Shutdown completed.
2019-04-10 09:24:50.387  INFO 17764 --- [main] c.e.d.SupposedToBeAnAwesomeApplication   : Starting SupposedToBeAnAwesomeApplication on OSZ1-LDL-P01964 with PID 17764 (C:\Users\serhii.shvets\git\repository\supposedToBeAnAwesomeApplication\target\classes started by serhii.shvets in C:\Users\serhii.shvets\git\repository\supposedToBeAnAwesomeApplication)
2019-04-10 09:24:50.391  INFO 17764 --- [main] c.e.d.SupposedToBeAnAwesomeApplication   : No active profile set, falling back to default profiles: default
2019-04-10 09:24:51.054  INFO 17764 --- [main] .s.d.r.c.RepositoryConfigurationDelegate : Bootstrapping Spring Data repositories in DEFAULT mode.
2019-04-10 09:24:51.117  INFO 17764 --- [main] .s.d.r.c.RepositoryConfigurationDelegate : Finished Spring Data repository scanning in 56ms. Found 1 repository interfaces.
2019-04-10 09:24:51.421  INFO 17764 --- [main] trationDelegate$BeanPostProcessorChecker : Bean 'org.springframework.transaction.annotation.ProxyTransactionManagementConfiguration' of type [org.springframework.transaction.annotation.ProxyTransactionManagementConfiguration$$EnhancerBySpringCGLIB$$a9ecb2f0] is not eligible for getting processed by all BeanPostProcessors (for example: not eligible for auto-proxying)
2019-04-10 09:24:51.694  INFO 17764 --- [main] o.s.b.w.embedded.tomcat.TomcatWebServer  : Tomcat initialized with port(s): 8080 (http)
2019-04-10 09:24:51.718  INFO 17764 --- [main] o.apache.catalina.core.StandardService   : Starting service [Tomcat]
2019-04-10 09:24:51.718  INFO 17764 --- [main] org.apache.catalina.core.StandardEngine  : Starting Servlet engine: [Apache Tomcat/9.0.16]
2019-04-10 09:24:51.725  INFO 17764 --- [main] o.a.catalina.core.AprLifecycleListener   : The APR based Apache Tomcat Native library which allows optimal performance in production environments was not found on the java.library.path: [C:\Program Files\Java\jre1.8.0_201\bin;C:\Windows\Sun\Java\bin;C:\Windows\system32;C:\Windows;C:/Program Files/Java/jre1.8.0_201/bin/server;C:/Program Files/Java/jre1.8.0_201/bin;C:/Program Files/Java/jre1.8.0_201/lib/amd64;C:\Program Files (x86)\Common Files\Oracle\Java\javapath;C:\Program Files (x86)\Intel\Intel(R) Management Engine Components\iCLS\;C:\Program Files\Intel\Intel(R) Management Engine Components\iCLS\;C:\Windows\system32;C:\Windows;C:\Windows\System32\Wbem;C:\Windows\System32\WindowsPowerShell\v1.0\;C:\Windows\System32\OpenSSH\;C:\Program Files\Intel\WiFi\bin\;C:\Program Files\Common Files\Intel\WirelessCommon\;C:\Program Files (x86)\Intel\Intel(R) Management Engine Components\DAL;C:\Program Files\Intel\Intel(R) Management Engine Components\DAL;C:\Program Files (x86)\Intel\Intel(R) Management Engine Components\IPT;C:\Program Files\Intel\Intel(R) Management Engine Components\IPT;C:\Program Files\Git\cmd;C:\Plugins\Maven\apache-maven-3.6.0-bin\apache-maven-3.6.0\bin;C:\Plugins\commons-logging-1.2;C:\Plugins\groovy-2.5.6\bin;C:\Plugins\spring-2.1.3.RELEASE\bin;C:\Program Files\Java\jdk-11.0.2\bin;C:\Gradle\gradle-5.3\bin;;C:\PostgreSQL\pg11\bin;C:\Users\serhii.shvets\AppData\Local\Microsoft\WindowsApps;;C:\Program Files (x86)\sts-bundle\sts-3.9.7.RELEASE;;.]
2019-04-10 09:24:51.854  INFO 17764 --- [main] o.a.c.c.C.[Tomcat].[localhost].[/]       : Initializing Spring embedded WebApplicationContext
2019-04-10 09:24:51.855  INFO 17764 --- [main] o.s.web.context.ContextLoader            : Root WebApplicationContext: initialization completed in 1413 ms
2019-04-10 09:24:52.031  INFO 17764 --- [main] com.zaxxer.hikari.HikariDataSource       : HikariPool-1 - Starting...
2019-04-10 09:24:52.106  INFO 17764 --- [main] com.zaxxer.hikari.pool.PoolBase          : HikariPool-1 - Driver does not support get/set network timeout for connections. (Method org.postgresql.jdbc42.Jdbc42Connection.getNetworkTimeout() is not yet implemented.)
2019-04-10 09:24:52.131  INFO 17764 --- [main] com.zaxxer.hikari.HikariDataSource       : HikariPool-1 - Start completed.
2019-04-10 09:24:52.176  INFO 17764 --- [main] o.hibernate.jpa.internal.util.LogHelper  : HHH000204: Processing PersistenceUnitInfo [
	name: default
	...]
2019-04-10 09:24:52.261  INFO 17764 --- [main] org.hibernate.Version                    : HHH000412: Hibernate Core {5.3.7.Final}
2019-04-10 09:24:52.264  INFO 17764 --- [main] org.hibernate.cfg.Environment            : HHH000206: hibernate.properties not found
2019-04-10 09:24:52.569  INFO 17764 --- [main] o.hibernate.annotations.common.Version   : HCANN000001: Hibernate Commons Annotations {5.0.4.Final}
2019-04-10 09:24:52.755  INFO 17764 --- [main] org.hibernate.dialect.Dialect            : HHH000400: Using dialect: org.hibernate.dialect.PostgreSQLDialect
2019-04-10 09:24:52.776  INFO 17764 --- [main] o.h.e.j.e.i.LobCreatorBuilderImpl        : HHH000422: Disabling contextual LOB creation as connection was null
2019-04-10 09:24:52.783  INFO 17764 --- [main] org.hibernate.type.BasicTypeRegistry     : HHH000270: Type registration [java.util.UUID] overrides previous : org.hibernate.type.UUIDBinaryType@2620e717
2019-04-10 09:24:53.344  INFO 17764 --- [main] j.LocalContainerEntityManagerFactoryBean : Initialized JPA EntityManagerFactory for persistence unit 'default'
2019-04-10 09:24:53.843  INFO 17764 --- [main] o.s.s.concurrent.ThreadPoolTaskExecutor  : Initializing ExecutorService 'applicationTaskExecutor'
2019-04-10 09:24:53.874  WARN 17764 --- [main] aWebConfiguration$JpaWebMvcConfiguration : spring.jpa.open-in-view is enabled by default. Therefore, database queries may be performed during view rendering. Explicitly configure spring.jpa.open-in-view to disable this warning
2019-04-10 09:24:54.080 ERROR 17764 --- [main] org.apache.catalina.util.LifecycleBase   : Failed to start component [Connector[HTTP/1.1-8080]]

org.apache.catalina.LifecycleException: Protocol handler start failed
	at org.apache.catalina.connector.Connector.startInternal(Connector.java:1008) ~[tomcat-embed-core-9.0.16.jar:9.0.16]
	at org.apache.catalina.util.LifecycleBase.start(LifecycleBase.java:183) ~[tomcat-embed-core-9.0.16.jar:9.0.16]
	at org.apache.catalina.core.StandardService.addConnector(StandardService.java:226) [tomcat-embed-core-9.0.16.jar:9.0.16]
	at org.springframework.boot.web.embedded.tomcat.TomcatWebServer.addPreviouslyRemovedConnectors(TomcatWebServer.java:259) [spring-boot-2.1.3.RELEASE.jar:2.1.3.RELEASE]
	at org.springframework.boot.web.embedded.tomcat.TomcatWebServer.start(TomcatWebServer.java:197) [spring-boot-2.1.3.RELEASE.jar:2.1.3.RELEASE]
	at org.springframework.boot.web.servlet.context.ServletWebServerApplicationContext.startWebServer(ServletWebServerApplicationContext.java:311) [spring-boot-2.1.3.RELEASE.jar:2.1.3.RELEASE]
	at org.springframework.boot.web.servlet.context.ServletWebServerApplicationContext.finishRefresh(ServletWebServerApplicationContext.java:164) [spring-boot-2.1.3.RELEASE.jar:2.1.3.RELEASE]
	at org.springframework.context.support.AbstractApplicationContext.refresh(AbstractApplicationContext.java:552) [spring-context-5.1.5.RELEASE.jar:5.1.5.RELEASE]
	at org.springframework.boot.web.servlet.context.ServletWebServerApplicationContext.refresh(ServletWebServerApplicationContext.java:142) [spring-boot-2.1.3.RELEASE.jar:2.1.3.RELEASE]
	at org.springframework.boot.SpringApplication.refresh(SpringApplication.java:775) [spring-boot-2.1.3.RELEASE.jar:2.1.3.RELEASE]
	at org.springframework.boot.SpringApplication.refreshContext(SpringApplication.java:397) [spring-boot-2.1.3.RELEASE.jar:2.1.3.RELEASE]
	at org.springframework.boot.SpringApplication.run(SpringApplication.java:316) [spring-boot-2.1.3.RELEASE.jar:2.1.3.RELEASE]
	at org.springframework.boot.SpringApplication.run(SpringApplication.java:1260) [spring-boot-2.1.3.RELEASE.jar:2.1.3.RELEASE]
	at org.springframework.boot.SpringApplication.run(SpringApplication.java:1248) [spring-boot-2.1.3.RELEASE.jar:2.1.3.RELEASE]
	at com.example.demo.SupposedToBeAnAwesomeApplication.main(SupposedToBeAnAwesomeApplication.java:12) [classes/:na]
Caused by: java.net.BindException: Address already in use: bind
	at sun.nio.ch.Net.bind0(Native Method) ~[na:1.8.0_201]
	at sun.nio.ch.Net.bind(Unknown Source) ~[na:1.8.0_201]
	at sun.nio.ch.Net.bind(Unknown Source) ~[na:1.8.0_201]
	at sun.nio.ch.ServerSocketChannelImpl.bind(Unknown Source) ~[na:1.8.0_201]
	at sun.nio.ch.ServerSocketAdaptor.bind(Unknown Source) ~[na:1.8.0_201]
	at org.apache.tomcat.util.net.NioEndpoint.initServerSocket(NioEndpoint.java:236) ~[tomcat-embed-core-9.0.16.jar:9.0.16]
	at org.apache.tomcat.util.net.NioEndpoint.bind(NioEndpoint.java:210) ~[tomcat-embed-core-9.0.16.jar:9.0.16]
	at org.apache.tomcat.util.net.AbstractEndpoint.bindWithCleanup(AbstractEndpoint.java:1085) ~[tomcat-embed-core-9.0.16.jar:9.0.16]
	at org.apache.tomcat.util.net.AbstractEndpoint.start(AbstractEndpoint.java:1171) ~[tomcat-embed-core-9.0.16.jar:9.0.16]
	at org.apache.coyote.AbstractProtocol.start(AbstractProtocol.java:568) ~[tomcat-embed-core-9.0.16.jar:9.0.16]
	at org.apache.catalina.connector.Connector.startInternal(Connector.java:1005) ~[tomcat-embed-core-9.0.16.jar:9.0.16]
	... 14 common frames omitted

2019-04-10 09:24:54.085  INFO 17764 --- [main] o.apache.catalina.core.StandardService   : Stopping service [Tomcat]
2019-04-10 09:24:54.092  INFO 17764 --- [main] ConditionEvaluationReportLoggingListener : 

Error starting ApplicationContext. To display the conditions report re-run your application with 'debug' enabled.
2019-04-10 09:24:54.097 ERROR 17764 --- [main] o.s.b.d.LoggingFailureAnalysisReporter   : 

***************************
APPLICATION FAILED TO START
***************************

Description:

The Tomcat connector configured to listen on port 8080 failed to start. The port may already be in use or the connector may be misconfigured.

Action:

Verify the connector's configuration, identify and stop any process that's listening on port 8080, or configure this application to listen on another port.

2019-04-10 09:24:54.101  INFO 17764 --- [main] o.s.s.concurrent.ThreadPoolTaskExecutor  : Shutting down ExecutorService 'applicationTaskExecutor'
2019-04-10 09:24:54.102  INFO 17764 --- [main] j.LocalContainerEntityManagerFactoryBean : Closing JPA EntityManagerFactory for persistence unit 'default'
2019-04-10 09:24:54.104  INFO 17764 --- [main] com.zaxxer.hikari.HikariDataSource       : HikariPool-1 - Shutdown initiated...
2019-04-10 09:24:54.108  INFO 17764 --- [main] com.zaxxer.hikari.HikariDataSource       : HikariPool-1 - Shutdown completed.
2019-04-10 09:29:17.921  INFO 14776 --- [main] c.e.d.SupposedToBeAnAwesomeApplication   : Starting SupposedToBeAnAwesomeApplication on OSZ1-LDL-P01964 with PID 14776 (C:\Users\serhii.shvets\git\repository\supposedToBeAnAwesomeApplication\target\classes started by serhii.shvets in C:\Users\serhii.shvets\git\repository\supposedToBeAnAwesomeApplication)
2019-04-10 09:29:17.925  INFO 14776 --- [main] c.e.d.SupposedToBeAnAwesomeApplication   : No active profile set, falling back to default profiles: default
2019-04-10 09:29:18.575  INFO 14776 --- [main] .s.d.r.c.RepositoryConfigurationDelegate : Bootstrapping Spring Data repositories in DEFAULT mode.
2019-04-10 09:29:18.641  INFO 14776 --- [main] .s.d.r.c.RepositoryConfigurationDelegate : Finished Spring Data repository scanning in 58ms. Found 1 repository interfaces.
2019-04-10 09:29:18.948  INFO 14776 --- [main] trationDelegate$BeanPostProcessorChecker : Bean 'org.springframework.transaction.annotation.ProxyTransactionManagementConfiguration' of type [org.springframework.transaction.annotation.ProxyTransactionManagementConfiguration$$EnhancerBySpringCGLIB$$f6be058e] is not eligible for getting processed by all BeanPostProcessors (for example: not eligible for auto-proxying)
2019-04-10 09:29:19.222  INFO 14776 --- [main] o.s.b.w.embedded.tomcat.TomcatWebServer  : Tomcat initialized with port(s): 8080 (http)
2019-04-10 09:29:19.247  INFO 14776 --- [main] o.apache.catalina.core.StandardService   : Starting service [Tomcat]
2019-04-10 09:29:19.248  INFO 14776 --- [main] org.apache.catalina.core.StandardEngine  : Starting Servlet engine: [Apache Tomcat/9.0.16]
2019-04-10 09:29:19.255  INFO 14776 --- [main] o.a.catalina.core.AprLifecycleListener   : The APR based Apache Tomcat Native library which allows optimal performance in production environments was not found on the java.library.path: [C:\Program Files\Java\jre1.8.0_201\bin;C:\Windows\Sun\Java\bin;C:\Windows\system32;C:\Windows;C:/Program Files/Java/jre1.8.0_201/bin/server;C:/Program Files/Java/jre1.8.0_201/bin;C:/Program Files/Java/jre1.8.0_201/lib/amd64;C:\Program Files (x86)\Common Files\Oracle\Java\javapath;C:\Program Files (x86)\Intel\Intel(R) Management Engine Components\iCLS\;C:\Program Files\Intel\Intel(R) Management Engine Components\iCLS\;C:\Windows\system32;C:\Windows;C:\Windows\System32\Wbem;C:\Windows\System32\WindowsPowerShell\v1.0\;C:\Windows\System32\OpenSSH\;C:\Program Files\Intel\WiFi\bin\;C:\Program Files\Common Files\Intel\WirelessCommon\;C:\Program Files (x86)\Intel\Intel(R) Management Engine Components\DAL;C:\Program Files\Intel\Intel(R) Management Engine Components\DAL;C:\Program Files (x86)\Intel\Intel(R) Management Engine Components\IPT;C:\Program Files\Intel\Intel(R) Management Engine Components\IPT;C:\Program Files\Git\cmd;C:\Plugins\Maven\apache-maven-3.6.0-bin\apache-maven-3.6.0\bin;C:\Plugins\commons-logging-1.2;C:\Plugins\groovy-2.5.6\bin;C:\Plugins\spring-2.1.3.RELEASE\bin;C:\Program Files\Java\jdk-11.0.2\bin;C:\Gradle\gradle-5.3\bin;;C:\PostgreSQL\pg11\bin;C:\Users\serhii.shvets\AppData\Local\Microsoft\WindowsApps;;C:\Program Files (x86)\sts-bundle\sts-3.9.7.RELEASE;;.]
2019-04-10 09:29:19.385  INFO 14776 --- [main] o.a.c.c.C.[Tomcat].[localhost].[/]       : Initializing Spring embedded WebApplicationContext
2019-04-10 09:29:19.385  INFO 14776 --- [main] o.s.web.context.ContextLoader            : Root WebApplicationContext: initialization completed in 1409 ms
2019-04-10 09:29:19.554  INFO 14776 --- [main] com.zaxxer.hikari.HikariDataSource       : HikariPool-1 - Starting...
2019-04-10 09:29:19.644  INFO 14776 --- [main] com.zaxxer.hikari.pool.PoolBase          : HikariPool-1 - Driver does not support get/set network timeout for connections. (Method org.postgresql.jdbc42.Jdbc42Connection.getNetworkTimeout() is not yet implemented.)
2019-04-10 09:29:19.675  INFO 14776 --- [main] com.zaxxer.hikari.HikariDataSource       : HikariPool-1 - Start completed.
2019-04-10 09:29:19.724  INFO 14776 --- [main] o.hibernate.jpa.internal.util.LogHelper  : HHH000204: Processing PersistenceUnitInfo [
	name: default
	...]
2019-04-10 09:29:19.804  INFO 14776 --- [main] org.hibernate.Version                    : HHH000412: Hibernate Core {5.3.7.Final}
2019-04-10 09:29:19.805  INFO 14776 --- [main] org.hibernate.cfg.Environment            : HHH000206: hibernate.properties not found
2019-04-10 09:29:20.098  INFO 14776 --- [main] o.hibernate.annotations.common.Version   : HCANN000001: Hibernate Commons Annotations {5.0.4.Final}
2019-04-10 09:29:20.267  INFO 14776 --- [main] org.hibernate.dialect.Dialect            : HHH000400: Using dialect: org.hibernate.dialect.PostgreSQLDialect
2019-04-10 09:29:20.285  INFO 14776 --- [main] o.h.e.j.e.i.LobCreatorBuilderImpl        : HHH000422: Disabling contextual LOB creation as connection was null
2019-04-10 09:29:20.290  INFO 14776 --- [main] org.hibernate.type.BasicTypeRegistry     : HHH000270: Type registration [java.util.UUID] overrides previous : org.hibernate.type.UUIDBinaryType@5a2bd7c8
2019-04-10 09:29:20.776  INFO 14776 --- [main] j.LocalContainerEntityManagerFactoryBean : Initialized JPA EntityManagerFactory for persistence unit 'default'
2019-04-10 09:29:21.171  INFO 14776 --- [main] o.s.s.concurrent.ThreadPoolTaskExecutor  : Initializing ExecutorService 'applicationTaskExecutor'
2019-04-10 09:29:21.203  WARN 14776 --- [main] aWebConfiguration$JpaWebMvcConfiguration : spring.jpa.open-in-view is enabled by default. Therefore, database queries may be performed during view rendering. Explicitly configure spring.jpa.open-in-view to disable this warning
2019-04-10 09:29:21.410 ERROR 14776 --- [main] org.apache.catalina.util.LifecycleBase   : Failed to start component [Connector[HTTP/1.1-8080]]

org.apache.catalina.LifecycleException: Protocol handler start failed
	at org.apache.catalina.connector.Connector.startInternal(Connector.java:1008) ~[tomcat-embed-core-9.0.16.jar:9.0.16]
	at org.apache.catalina.util.LifecycleBase.start(LifecycleBase.java:183) ~[tomcat-embed-core-9.0.16.jar:9.0.16]
	at org.apache.catalina.core.StandardService.addConnector(StandardService.java:226) [tomcat-embed-core-9.0.16.jar:9.0.16]
	at org.springframework.boot.web.embedded.tomcat.TomcatWebServer.addPreviouslyRemovedConnectors(TomcatWebServer.java:259) [spring-boot-2.1.3.RELEASE.jar:2.1.3.RELEASE]
	at org.springframework.boot.web.embedded.tomcat.TomcatWebServer.start(TomcatWebServer.java:197) [spring-boot-2.1.3.RELEASE.jar:2.1.3.RELEASE]
	at org.springframework.boot.web.servlet.context.ServletWebServerApplicationContext.startWebServer(ServletWebServerApplicationContext.java:311) [spring-boot-2.1.3.RELEASE.jar:2.1.3.RELEASE]
	at org.springframework.boot.web.servlet.context.ServletWebServerApplicationContext.finishRefresh(ServletWebServerApplicationContext.java:164) [spring-boot-2.1.3.RELEASE.jar:2.1.3.RELEASE]
	at org.springframework.context.support.AbstractApplicationContext.refresh(AbstractApplicationContext.java:552) [spring-context-5.1.5.RELEASE.jar:5.1.5.RELEASE]
	at org.springframework.boot.web.servlet.context.ServletWebServerApplicationContext.refresh(ServletWebServerApplicationContext.java:142) [spring-boot-2.1.3.RELEASE.jar:2.1.3.RELEASE]
	at org.springframework.boot.SpringApplication.refresh(SpringApplication.java:775) [spring-boot-2.1.3.RELEASE.jar:2.1.3.RELEASE]
	at org.springframework.boot.SpringApplication.refreshContext(SpringApplication.java:397) [spring-boot-2.1.3.RELEASE.jar:2.1.3.RELEASE]
	at org.springframework.boot.SpringApplication.run(SpringApplication.java:316) [spring-boot-2.1.3.RELEASE.jar:2.1.3.RELEASE]
	at org.springframework.boot.SpringApplication.run(SpringApplication.java:1260) [spring-boot-2.1.3.RELEASE.jar:2.1.3.RELEASE]
	at org.springframework.boot.SpringApplication.run(SpringApplication.java:1248) [spring-boot-2.1.3.RELEASE.jar:2.1.3.RELEASE]
	at com.example.demo.SupposedToBeAnAwesomeApplication.main(SupposedToBeAnAwesomeApplication.java:12) [classes/:na]
Caused by: java.net.BindException: Address already in use: bind
	at sun.nio.ch.Net.bind0(Native Method) ~[na:1.8.0_201]
	at sun.nio.ch.Net.bind(Unknown Source) ~[na:1.8.0_201]
	at sun.nio.ch.Net.bind(Unknown Source) ~[na:1.8.0_201]
	at sun.nio.ch.ServerSocketChannelImpl.bind(Unknown Source) ~[na:1.8.0_201]
	at sun.nio.ch.ServerSocketAdaptor.bind(Unknown Source) ~[na:1.8.0_201]
	at org.apache.tomcat.util.net.NioEndpoint.initServerSocket(NioEndpoint.java:236) ~[tomcat-embed-core-9.0.16.jar:9.0.16]
	at org.apache.tomcat.util.net.NioEndpoint.bind(NioEndpoint.java:210) ~[tomcat-embed-core-9.0.16.jar:9.0.16]
	at org.apache.tomcat.util.net.AbstractEndpoint.bindWithCleanup(AbstractEndpoint.java:1085) ~[tomcat-embed-core-9.0.16.jar:9.0.16]
	at org.apache.tomcat.util.net.AbstractEndpoint.start(AbstractEndpoint.java:1171) ~[tomcat-embed-core-9.0.16.jar:9.0.16]
	at org.apache.coyote.AbstractProtocol.start(AbstractProtocol.java:568) ~[tomcat-embed-core-9.0.16.jar:9.0.16]
	at org.apache.catalina.connector.Connector.startInternal(Connector.java:1005) ~[tomcat-embed-core-9.0.16.jar:9.0.16]
	... 14 common frames omitted

2019-04-10 09:29:21.415  INFO 14776 --- [main] o.apache.catalina.core.StandardService   : Stopping service [Tomcat]
2019-04-10 09:29:21.425  INFO 14776 --- [main] ConditionEvaluationReportLoggingListener : 

Error starting ApplicationContext. To display the conditions report re-run your application with 'debug' enabled.
2019-04-10 09:29:21.429 ERROR 14776 --- [main] o.s.b.d.LoggingFailureAnalysisReporter   : 

***************************
APPLICATION FAILED TO START
***************************

Description:

The Tomcat connector configured to listen on port 8080 failed to start. The port may already be in use or the connector may be misconfigured.

Action:

Verify the connector's configuration, identify and stop any process that's listening on port 8080, or configure this application to listen on another port.

2019-04-10 09:29:21.433  INFO 14776 --- [main] o.s.s.concurrent.ThreadPoolTaskExecutor  : Shutting down ExecutorService 'applicationTaskExecutor'
2019-04-10 09:29:21.434  INFO 14776 --- [main] j.LocalContainerEntityManagerFactoryBean : Closing JPA EntityManagerFactory for persistence unit 'default'
2019-04-10 09:29:21.436  INFO 14776 --- [main] com.zaxxer.hikari.HikariDataSource       : HikariPool-1 - Shutdown initiated...
2019-04-10 09:29:21.440  INFO 14776 --- [main] com.zaxxer.hikari.HikariDataSource       : HikariPool-1 - Shutdown completed.
2019-04-10 09:29:51.531  INFO 18780 --- [main] c.e.d.SupposedToBeAnAwesomeApplication   : Starting SupposedToBeAnAwesomeApplication on OSZ1-LDL-P01964 with PID 18780 (C:\Users\serhii.shvets\git\repository\supposedToBeAnAwesomeApplication\target\classes started by serhii.shvets in C:\Users\serhii.shvets\git\repository\supposedToBeAnAwesomeApplication)
2019-04-10 09:29:51.536  INFO 18780 --- [main] c.e.d.SupposedToBeAnAwesomeApplication   : No active profile set, falling back to default profiles: default
2019-04-10 09:29:52.179  INFO 18780 --- [main] .s.d.r.c.RepositoryConfigurationDelegate : Bootstrapping Spring Data repositories in DEFAULT mode.
2019-04-10 09:29:52.251  INFO 18780 --- [main] .s.d.r.c.RepositoryConfigurationDelegate : Finished Spring Data repository scanning in 65ms. Found 1 repository interfaces.
2019-04-10 09:29:52.563  INFO 18780 --- [main] trationDelegate$BeanPostProcessorChecker : Bean 'org.springframework.transaction.annotation.ProxyTransactionManagementConfiguration' of type [org.springframework.transaction.annotation.ProxyTransactionManagementConfiguration$$EnhancerBySpringCGLIB$$6f141d2a] is not eligible for getting processed by all BeanPostProcessors (for example: not eligible for auto-proxying)
2019-04-10 09:29:52.860  INFO 18780 --- [main] o.s.b.w.embedded.tomcat.TomcatWebServer  : Tomcat initialized with port(s): 8080 (http)
2019-04-10 09:29:52.881  INFO 18780 --- [main] o.apache.catalina.core.StandardService   : Starting service [Tomcat]
2019-04-10 09:29:52.882  INFO 18780 --- [main] org.apache.catalina.core.StandardEngine  : Starting Servlet engine: [Apache Tomcat/9.0.16]
2019-04-10 09:29:52.889  INFO 18780 --- [main] o.a.catalina.core.AprLifecycleListener   : The APR based Apache Tomcat Native library which allows optimal performance in production environments was not found on the java.library.path: [C:\Program Files\Java\jre1.8.0_201\bin;C:\Windows\Sun\Java\bin;C:\Windows\system32;C:\Windows;C:/Program Files/Java/jre1.8.0_201/bin/server;C:/Program Files/Java/jre1.8.0_201/bin;C:/Program Files/Java/jre1.8.0_201/lib/amd64;C:\Program Files (x86)\Common Files\Oracle\Java\javapath;C:\Program Files (x86)\Intel\Intel(R) Management Engine Components\iCLS\;C:\Program Files\Intel\Intel(R) Management Engine Components\iCLS\;C:\Windows\system32;C:\Windows;C:\Windows\System32\Wbem;C:\Windows\System32\WindowsPowerShell\v1.0\;C:\Windows\System32\OpenSSH\;C:\Program Files\Intel\WiFi\bin\;C:\Program Files\Common Files\Intel\WirelessCommon\;C:\Program Files (x86)\Intel\Intel(R) Management Engine Components\DAL;C:\Program Files\Intel\Intel(R) Management Engine Components\DAL;C:\Program Files (x86)\Intel\Intel(R) Management Engine Components\IPT;C:\Program Files\Intel\Intel(R) Management Engine Components\IPT;C:\Program Files\Git\cmd;C:\Plugins\Maven\apache-maven-3.6.0-bin\apache-maven-3.6.0\bin;C:\Plugins\commons-logging-1.2;C:\Plugins\groovy-2.5.6\bin;C:\Plugins\spring-2.1.3.RELEASE\bin;C:\Program Files\Java\jdk-11.0.2\bin;C:\Gradle\gradle-5.3\bin;;C:\PostgreSQL\pg11\bin;C:\Users\serhii.shvets\AppData\Local\Microsoft\WindowsApps;;C:\Program Files (x86)\sts-bundle\sts-3.9.7.RELEASE;;.]
2019-04-10 09:29:52.996  INFO 18780 --- [main] o.a.c.c.C.[Tomcat].[localhost].[/]       : Initializing Spring embedded WebApplicationContext
2019-04-10 09:29:52.997  INFO 18780 --- [main] o.s.web.context.ContextLoader            : Root WebApplicationContext: initialization completed in 1409 ms
2019-04-10 09:29:53.169  INFO 18780 --- [main] com.zaxxer.hikari.HikariDataSource       : HikariPool-1 - Starting...
2019-04-10 09:29:53.248  INFO 18780 --- [main] com.zaxxer.hikari.pool.PoolBase          : HikariPool-1 - Driver does not support get/set network timeout for connections. (Method org.postgresql.jdbc42.Jdbc42Connection.getNetworkTimeout() is not yet implemented.)
2019-04-10 09:29:53.274  INFO 18780 --- [main] com.zaxxer.hikari.HikariDataSource       : HikariPool-1 - Start completed.
2019-04-10 09:29:53.317  INFO 18780 --- [main] o.hibernate.jpa.internal.util.LogHelper  : HHH000204: Processing PersistenceUnitInfo [
	name: default
	...]
2019-04-10 09:29:53.418  INFO 18780 --- [main] org.hibernate.Version                    : HHH000412: Hibernate Core {5.3.7.Final}
2019-04-10 09:29:53.421  INFO 18780 --- [main] org.hibernate.cfg.Environment            : HHH000206: hibernate.properties not found
2019-04-10 09:29:53.707  INFO 18780 --- [main] o.hibernate.annotations.common.Version   : HCANN000001: Hibernate Commons Annotations {5.0.4.Final}
2019-04-10 09:29:53.870  INFO 18780 --- [main] org.hibernate.dialect.Dialect            : HHH000400: Using dialect: org.hibernate.dialect.PostgreSQLDialect
2019-04-10 09:29:53.886  INFO 18780 --- [main] o.h.e.j.e.i.LobCreatorBuilderImpl        : HHH000422: Disabling contextual LOB creation as connection was null
2019-04-10 09:29:53.892  INFO 18780 --- [main] org.hibernate.type.BasicTypeRegistry     : HHH000270: Type registration [java.util.UUID] overrides previous : org.hibernate.type.UUIDBinaryType@42b28ff1
2019-04-10 09:29:54.384  INFO 18780 --- [main] j.LocalContainerEntityManagerFactoryBean : Initialized JPA EntityManagerFactory for persistence unit 'default'
2019-04-10 09:29:54.784  INFO 18780 --- [main] o.s.s.concurrent.ThreadPoolTaskExecutor  : Initializing ExecutorService 'applicationTaskExecutor'
2019-04-10 09:29:54.814  WARN 18780 --- [main] aWebConfiguration$JpaWebMvcConfiguration : spring.jpa.open-in-view is enabled by default. Therefore, database queries may be performed during view rendering. Explicitly configure spring.jpa.open-in-view to disable this warning
2019-04-10 09:29:55.020  INFO 18780 --- [main] o.s.b.w.embedded.tomcat.TomcatWebServer  : Tomcat started on port(s): 8080 (http) with context path ''
2019-04-10 09:29:55.022  INFO 18780 --- [main] c.e.d.SupposedToBeAnAwesomeApplication   : Started SupposedToBeAnAwesomeApplication in 3.839 seconds (JVM running for 4.524)
2019-04-10 09:30:15.764  INFO 18780 --- [http-nio-8080-exec-1] o.a.c.c.C.[Tomcat].[localhost].[/]       : Initializing Spring DispatcherServlet 'dispatcherServlet'
2019-04-10 09:30:15.765  INFO 18780 --- [http-nio-8080-exec-1] o.s.web.servlet.DispatcherServlet        : Initializing Servlet 'dispatcherServlet'
2019-04-10 09:30:15.773  INFO 18780 --- [http-nio-8080-exec-1] o.s.web.servlet.DispatcherServlet        : Completed initialization in 8 ms
2019-04-10 09:30:15.905  INFO 18780 --- [http-nio-8080-exec-1] o.h.h.i.QueryTranslatorFactoryInitiator  : HHH000397: Using ASTQueryTranslatorFactory
2019-04-10 09:30:16.111 DEBUG 18780 --- [http-nio-8080-exec-1] com.example.demo.sl.MessageController    : Posted new message with id= 19
2019-04-10 09:47:18.659  INFO 1808 --- [main] c.e.demo.MessageControllerLoggerTest     : Starting MessageControllerLoggerTest on OSZ1-LDL-P01964 with PID 1808 (started by serhii.shvets in C:\Users\serhii.shvets\git\repository\supposedToBeAnAwesomeApplication)
2019-04-10 09:47:18.661  INFO 1808 --- [main] c.e.demo.MessageControllerLoggerTest     : No active profile set, falling back to default profiles: default
2019-04-10 09:47:19.957  INFO 1808 --- [main] .s.d.r.c.RepositoryConfigurationDelegate : Bootstrapping Spring Data repositories in DEFAULT mode.
2019-04-10 09:47:20.064  INFO 1808 --- [main] .s.d.r.c.RepositoryConfigurationDelegate : Finished Spring Data repository scanning in 92ms. Found 1 repository interfaces.
2019-04-10 09:47:21.091  INFO 1808 --- [main] trationDelegate$BeanPostProcessorChecker : Bean 'org.springframework.transaction.annotation.ProxyTransactionManagementConfiguration' of type [org.springframework.transaction.annotation.ProxyTransactionManagementConfiguration$$EnhancerBySpringCGLIB$$6979ab71] is not eligible for getting processed by all BeanPostProcessors (for example: not eligible for auto-proxying)
2019-04-10 09:47:21.514  INFO 1808 --- [main] com.zaxxer.hikari.HikariDataSource       : HikariPool-1 - Starting...
2019-04-10 09:47:21.605  INFO 1808 --- [main] com.zaxxer.hikari.pool.PoolBase          : HikariPool-1 - Driver does not support get/set network timeout for connections. (Method org.postgresql.jdbc42.Jdbc42Connection.getNetworkTimeout() is not yet implemented.)
2019-04-10 09:47:21.634  INFO 1808 --- [main] com.zaxxer.hikari.HikariDataSource       : HikariPool-1 - Start completed.
2019-04-10 09:47:21.729  INFO 1808 --- [main] o.hibernate.jpa.internal.util.LogHelper  : HHH000204: Processing PersistenceUnitInfo [
	name: default
	...]
2019-04-10 09:47:21.856  INFO 1808 --- [main] org.hibernate.Version                    : HHH000412: Hibernate Core {5.3.7.Final}
2019-04-10 09:47:21.860  INFO 1808 --- [main] org.hibernate.cfg.Environment            : HHH000206: hibernate.properties not found
2019-04-10 09:47:21.980  INFO 1808 --- [main] o.hibernate.annotations.common.Version   : HCANN000001: Hibernate Commons Annotations {5.0.4.Final}
2019-04-10 09:47:22.362  INFO 1808 --- [main] org.hibernate.dialect.Dialect            : HHH000400: Using dialect: org.hibernate.dialect.PostgreSQLDialect
2019-04-10 09:47:22.389  INFO 1808 --- [main] o.h.e.j.e.i.LobCreatorBuilderImpl        : HHH000422: Disabling contextual LOB creation as connection was null
2019-04-10 09:47:22.401  INFO 1808 --- [main] org.hibernate.type.BasicTypeRegistry     : HHH000270: Type registration [java.util.UUID] overrides previous : org.hibernate.type.UUIDBinaryType@3fb9a67f
2019-04-10 09:47:23.000  INFO 1808 --- [main] j.LocalContainerEntityManagerFactoryBean : Initialized JPA EntityManagerFactory for persistence unit 'default'
2019-04-10 09:47:24.412  INFO 1808 --- [main] o.s.s.concurrent.ThreadPoolTaskExecutor  : Initializing ExecutorService 'applicationTaskExecutor'
2019-04-10 09:47:24.504  WARN 1808 --- [main] aWebConfiguration$JpaWebMvcConfiguration : spring.jpa.open-in-view is enabled by default. Therefore, database queries may be performed during view rendering. Explicitly configure spring.jpa.open-in-view to disable this warning
2019-04-10 09:47:25.066  INFO 1808 --- [main] c.e.demo.MessageControllerLoggerTest     : Started MessageControllerLoggerTest in 6.971 seconds (JVM running for 8.613)
2019-04-10 09:47:25.179 DEBUG 1808 --- [main] com.example.demo.sl.MessageController    : Posted new message with id= 1
2019-04-10 09:47:25.378  INFO 1808 --- [main] o.h.h.i.QueryTranslatorFactoryInitiator  : HHH000397: Using ASTQueryTranslatorFactory
2019-04-10 09:47:25.664  INFO 1808 --- [Thread-3] o.s.s.concurrent.ThreadPoolTaskExecutor  : Shutting down ExecutorService 'applicationTaskExecutor'
2019-04-10 09:47:25.668  INFO 1808 --- [Thread-3] j.LocalContainerEntityManagerFactoryBean : Closing JPA EntityManagerFactory for persistence unit 'default'
2019-04-10 09:47:25.674  INFO 1808 --- [Thread-3] com.zaxxer.hikari.HikariDataSource       : HikariPool-1 - Shutdown initiated...
2019-04-10 09:47:25.697  INFO 1808 --- [Thread-3] com.zaxxer.hikari.HikariDataSource       : HikariPool-1 - Shutdown completed.
2019-04-10 09:49:28.298  INFO 20260 --- [main] c.e.demo.MessageControllerLoggerTest     : Starting MessageControllerLoggerTest on OSZ1-LDL-P01964 with PID 20260 (started by serhii.shvets in C:\Users\serhii.shvets\git\repository\supposedToBeAnAwesomeApplication)
2019-04-10 09:49:28.301  INFO 20260 --- [main] c.e.demo.MessageControllerLoggerTest     : No active profile set, falling back to default profiles: default
2019-04-10 09:49:29.635  INFO 20260 --- [main] .s.d.r.c.RepositoryConfigurationDelegate : Bootstrapping Spring Data repositories in DEFAULT mode.
2019-04-10 09:49:29.746  INFO 20260 --- [main] .s.d.r.c.RepositoryConfigurationDelegate : Finished Spring Data repository scanning in 95ms. Found 1 repository interfaces.
2019-04-10 09:49:30.734  INFO 20260 --- [main] trationDelegate$BeanPostProcessorChecker : Bean 'org.springframework.transaction.annotation.ProxyTransactionManagementConfiguration' of type [org.springframework.transaction.annotation.ProxyTransactionManagementConfiguration$$EnhancerBySpringCGLIB$$52edfd1a] is not eligible for getting processed by all BeanPostProcessors (for example: not eligible for auto-proxying)
2019-04-10 09:49:31.159  INFO 20260 --- [main] com.zaxxer.hikari.HikariDataSource       : HikariPool-1 - Starting...
2019-04-10 09:49:31.270  INFO 20260 --- [main] com.zaxxer.hikari.pool.PoolBase          : HikariPool-1 - Driver does not support get/set network timeout for connections. (Method org.postgresql.jdbc42.Jdbc42Connection.getNetworkTimeout() is not yet implemented.)
2019-04-10 09:49:31.308  INFO 20260 --- [main] com.zaxxer.hikari.HikariDataSource       : HikariPool-1 - Start completed.
2019-04-10 09:49:31.398  INFO 20260 --- [main] o.hibernate.jpa.internal.util.LogHelper  : HHH000204: Processing PersistenceUnitInfo [
	name: default
	...]
2019-04-10 09:49:31.520  INFO 20260 --- [main] org.hibernate.Version                    : HHH000412: Hibernate Core {5.3.7.Final}
2019-04-10 09:49:31.525  INFO 20260 --- [main] org.hibernate.cfg.Environment            : HHH000206: hibernate.properties not found
2019-04-10 09:49:31.620  INFO 20260 --- [main] o.hibernate.annotations.common.Version   : HCANN000001: Hibernate Commons Annotations {5.0.4.Final}
2019-04-10 09:49:31.989  INFO 20260 --- [main] org.hibernate.dialect.Dialect            : HHH000400: Using dialect: org.hibernate.dialect.PostgreSQLDialect
2019-04-10 09:49:32.020  INFO 20260 --- [main] o.h.e.j.e.i.LobCreatorBuilderImpl        : HHH000422: Disabling contextual LOB creation as connection was null
2019-04-10 09:49:32.030  INFO 20260 --- [main] org.hibernate.type.BasicTypeRegistry     : HHH000270: Type registration [java.util.UUID] overrides previous : org.hibernate.type.UUIDBinaryType@5d1e0fbb
2019-04-10 09:49:32.627  INFO 20260 --- [main] j.LocalContainerEntityManagerFactoryBean : Initialized JPA EntityManagerFactory for persistence unit 'default'
2019-04-10 09:49:34.029  INFO 20260 --- [main] o.s.s.concurrent.ThreadPoolTaskExecutor  : Initializing ExecutorService 'applicationTaskExecutor'
2019-04-10 09:49:34.119  WARN 20260 --- [main] aWebConfiguration$JpaWebMvcConfiguration : spring.jpa.open-in-view is enabled by default. Therefore, database queries may be performed during view rendering. Explicitly configure spring.jpa.open-in-view to disable this warning
2019-04-10 09:49:34.700  INFO 20260 --- [main] c.e.demo.MessageControllerLoggerTest     : Started MessageControllerLoggerTest in 6.923 seconds (JVM running for 8.695)
2019-04-10 09:49:34.787 ERROR 20260 --- [main] com.example.demo.sl.MessageController    : Exception caughtjava.lang.NullPointerException
2019-04-10 09:49:34.983  INFO 20260 --- [main] o.h.h.i.QueryTranslatorFactoryInitiator  : HHH000397: Using ASTQueryTranslatorFactory
2019-04-10 09:49:35.198  INFO 20260 --- [Thread-3] o.s.s.concurrent.ThreadPoolTaskExecutor  : Shutting down ExecutorService 'applicationTaskExecutor'
2019-04-10 09:49:35.204  INFO 20260 --- [Thread-3] j.LocalContainerEntityManagerFactoryBean : Closing JPA EntityManagerFactory for persistence unit 'default'
2019-04-10 09:49:35.210  INFO 20260 --- [Thread-3] com.zaxxer.hikari.HikariDataSource       : HikariPool-1 - Shutdown initiated...
2019-04-10 09:49:35.229  INFO 20260 --- [Thread-3] com.zaxxer.hikari.HikariDataSource       : HikariPool-1 - Shutdown completed.
2019-04-10 09:52:48.866  INFO 18488 --- [main] c.e.demo.MessageControllerLoggerTest     : Starting MessageControllerLoggerTest on OSZ1-LDL-P01964 with PID 18488 (started by serhii.shvets in C:\Users\serhii.shvets\git\repository\supposedToBeAnAwesomeApplication)
2019-04-10 09:52:48.870  INFO 18488 --- [main] c.e.demo.MessageControllerLoggerTest     : No active profile set, falling back to default profiles: default
2019-04-10 09:52:50.153  INFO 18488 --- [main] .s.d.r.c.RepositoryConfigurationDelegate : Bootstrapping Spring Data repositories in DEFAULT mode.
2019-04-10 09:52:50.271  INFO 18488 --- [main] .s.d.r.c.RepositoryConfigurationDelegate : Finished Spring Data repository scanning in 103ms. Found 1 repository interfaces.
2019-04-10 09:52:51.229  INFO 18488 --- [main] trationDelegate$BeanPostProcessorChecker : Bean 'org.springframework.transaction.annotation.ProxyTransactionManagementConfiguration' of type [org.springframework.transaction.annotation.ProxyTransactionManagementConfiguration$$EnhancerBySpringCGLIB$$a149d3bd] is not eligible for getting processed by all BeanPostProcessors (for example: not eligible for auto-proxying)
2019-04-10 09:52:51.624  INFO 18488 --- [main] com.zaxxer.hikari.HikariDataSource       : HikariPool-1 - Starting...
2019-04-10 09:52:51.719  INFO 18488 --- [main] com.zaxxer.hikari.pool.PoolBase          : HikariPool-1 - Driver does not support get/set network timeout for connections. (Method org.postgresql.jdbc42.Jdbc42Connection.getNetworkTimeout() is not yet implemented.)
2019-04-10 09:52:51.749  INFO 18488 --- [main] com.zaxxer.hikari.HikariDataSource       : HikariPool-1 - Start completed.
2019-04-10 09:52:51.838  INFO 18488 --- [main] o.hibernate.jpa.internal.util.LogHelper  : HHH000204: Processing PersistenceUnitInfo [
	name: default
	...]
2019-04-10 09:52:51.957  INFO 18488 --- [main] org.hibernate.Version                    : HHH000412: Hibernate Core {5.3.7.Final}
2019-04-10 09:52:51.960  INFO 18488 --- [main] org.hibernate.cfg.Environment            : HHH000206: hibernate.properties not found
2019-04-10 09:52:52.053  INFO 18488 --- [main] o.hibernate.annotations.common.Version   : HCANN000001: Hibernate Commons Annotations {5.0.4.Final}
2019-04-10 09:52:52.453  INFO 18488 --- [main] org.hibernate.dialect.Dialect            : HHH000400: Using dialect: org.hibernate.dialect.PostgreSQLDialect
2019-04-10 09:52:52.491  INFO 18488 --- [main] o.h.e.j.e.i.LobCreatorBuilderImpl        : HHH000422: Disabling contextual LOB creation as connection was null
2019-04-10 09:52:52.500  INFO 18488 --- [main] org.hibernate.type.BasicTypeRegistry     : HHH000270: Type registration [java.util.UUID] overrides previous : org.hibernate.type.UUIDBinaryType@625a9c5d
2019-04-10 09:52:53.084  INFO 18488 --- [main] j.LocalContainerEntityManagerFactoryBean : Initialized JPA EntityManagerFactory for persistence unit 'default'
2019-04-10 09:52:54.467  INFO 18488 --- [main] o.s.s.concurrent.ThreadPoolTaskExecutor  : Initializing ExecutorService 'applicationTaskExecutor'
2019-04-10 09:52:54.558  WARN 18488 --- [main] aWebConfiguration$JpaWebMvcConfiguration : spring.jpa.open-in-view is enabled by default. Therefore, database queries may be performed during view rendering. Explicitly configure spring.jpa.open-in-view to disable this warning
2019-04-10 09:52:55.100  INFO 18488 --- [main] c.e.demo.MessageControllerLoggerTest     : Started MessageControllerLoggerTest in 6.813 seconds (JVM running for 8.051)
2019-04-10 09:52:55.202 DEBUG 18488 --- [main] com.example.demo.sl.MessageController    : Posted new message with id= 1
2019-04-10 09:52:55.384  INFO 18488 --- [main] o.h.h.i.QueryTranslatorFactoryInitiator  : HHH000397: Using ASTQueryTranslatorFactory
2019-04-10 09:52:55.571  INFO 18488 --- [Thread-3] o.s.s.concurrent.ThreadPoolTaskExecutor  : Shutting down ExecutorService 'applicationTaskExecutor'
2019-04-10 09:52:55.576  INFO 18488 --- [Thread-3] j.LocalContainerEntityManagerFactoryBean : Closing JPA EntityManagerFactory for persistence unit 'default'
2019-04-10 09:52:55.580  INFO 18488 --- [Thread-3] com.zaxxer.hikari.HikariDataSource       : HikariPool-1 - Shutdown initiated...
2019-04-10 09:52:55.593  INFO 18488 --- [Thread-3] com.zaxxer.hikari.HikariDataSource       : HikariPool-1 - Shutdown completed.
2019-04-10 10:07:43.777  INFO 18780 --- [RMI TCP Connection(2)-127.0.0.1] inMXBeanRegistrar$SpringApplicationAdmin : Application shutdown requested.
2019-04-10 10:07:43.780  INFO 18780 --- [RMI TCP Connection(2)-127.0.0.1] o.s.s.concurrent.ThreadPoolTaskExecutor  : Shutting down ExecutorService 'applicationTaskExecutor'
2019-04-10 10:07:43.781  INFO 18780 --- [RMI TCP Connection(2)-127.0.0.1] j.LocalContainerEntityManagerFactoryBean : Closing JPA EntityManagerFactory for persistence unit 'default'
2019-04-10 10:07:43.783  INFO 18780 --- [RMI TCP Connection(2)-127.0.0.1] com.zaxxer.hikari.HikariDataSource       : HikariPool-1 - Shutdown initiated...
2019-04-10 10:07:43.796  INFO 18780 --- [RMI TCP Connection(2)-127.0.0.1] com.zaxxer.hikari.HikariDataSource       : HikariPool-1 - Shutdown completed.
2019-04-10 10:14:59.660  INFO 17668 --- [main] c.e.demo.MessageControllerLoggerTest     : Starting MessageControllerLoggerTest on OSZ1-LDL-P01964 with PID 17668 (started by serhii.shvets in C:\Users\serhii.shvets\git\repository\supposedToBeAnAwesomeApplication)
2019-04-10 10:14:59.662  INFO 17668 --- [main] c.e.demo.MessageControllerLoggerTest     : No active profile set, falling back to default profiles: default
2019-04-10 10:15:00.937  INFO 17668 --- [main] .s.d.r.c.RepositoryConfigurationDelegate : Bootstrapping Spring Data repositories in DEFAULT mode.
2019-04-10 10:15:01.024  INFO 17668 --- [main] .s.d.r.c.RepositoryConfigurationDelegate : Finished Spring Data repository scanning in 73ms. Found 1 repository interfaces.
2019-04-10 10:15:02.047  INFO 17668 --- [main] trationDelegate$BeanPostProcessorChecker : Bean 'org.springframework.transaction.annotation.ProxyTransactionManagementConfiguration' of type [org.springframework.transaction.annotation.ProxyTransactionManagementConfiguration$$EnhancerBySpringCGLIB$$7901f927] is not eligible for getting processed by all BeanPostProcessors (for example: not eligible for auto-proxying)
2019-04-10 10:15:02.491  INFO 17668 --- [main] com.zaxxer.hikari.HikariDataSource       : HikariPool-1 - Starting...
2019-04-10 10:15:02.579  INFO 17668 --- [main] com.zaxxer.hikari.pool.PoolBase          : HikariPool-1 - Driver does not support get/set network timeout for connections. (Method org.postgresql.jdbc42.Jdbc42Connection.getNetworkTimeout() is not yet implemented.)
2019-04-10 10:15:02.606  INFO 17668 --- [main] com.zaxxer.hikari.HikariDataSource       : HikariPool-1 - Start completed.
2019-04-10 10:15:02.702  INFO 17668 --- [main] o.hibernate.jpa.internal.util.LogHelper  : HHH000204: Processing PersistenceUnitInfo [
	name: default
	...]
2019-04-10 10:15:02.841  INFO 17668 --- [main] org.hibernate.Version                    : HHH000412: Hibernate Core {5.3.7.Final}
2019-04-10 10:15:02.844  INFO 17668 --- [main] org.hibernate.cfg.Environment            : HHH000206: hibernate.properties not found
2019-04-10 10:15:02.940  INFO 17668 --- [main] o.hibernate.annotations.common.Version   : HCANN000001: Hibernate Commons Annotations {5.0.4.Final}
2019-04-10 10:15:03.352  INFO 17668 --- [main] org.hibernate.dialect.Dialect            : HHH000400: Using dialect: org.hibernate.dialect.PostgreSQLDialect
2019-04-10 10:15:03.392  INFO 17668 --- [main] o.h.e.j.e.i.LobCreatorBuilderImpl        : HHH000422: Disabling contextual LOB creation as connection was null
2019-04-10 10:15:03.406  INFO 17668 --- [main] org.hibernate.type.BasicTypeRegistry     : HHH000270: Type registration [java.util.UUID] overrides previous : org.hibernate.type.UUIDBinaryType@46f902e0
2019-04-10 10:15:03.993  INFO 17668 --- [main] j.LocalContainerEntityManagerFactoryBean : Initialized JPA EntityManagerFactory for persistence unit 'default'
2019-04-10 10:15:05.370  INFO 17668 --- [main] o.s.s.concurrent.ThreadPoolTaskExecutor  : Initializing ExecutorService 'applicationTaskExecutor'
2019-04-10 10:15:05.474  WARN 17668 --- [main] aWebConfiguration$JpaWebMvcConfiguration : spring.jpa.open-in-view is enabled by default. Therefore, database queries may be performed during view rendering. Explicitly configure spring.jpa.open-in-view to disable this warning
2019-04-10 10:15:06.046  INFO 17668 --- [main] c.e.demo.MessageControllerLoggerTest     : Started MessageControllerLoggerTest in 6.888 seconds (JVM running for 8.08)
2019-04-10 10:15:06.135 DEBUG 17668 --- [main] com.example.demo.sl.MessageController    : Unable to post a new message with ID 1 since message with provided ID is already exists.
2019-04-10 10:15:06.256 DEBUG 17668 --- [main] com.example.demo.sl.MessageController    : Posted new message with id= 1
2019-04-10 10:15:06.272  INFO 17668 --- [Thread-3] o.s.s.concurrent.ThreadPoolTaskExecutor  : Shutting down ExecutorService 'applicationTaskExecutor'
2019-04-10 10:15:06.278  INFO 17668 --- [Thread-3] j.LocalContainerEntityManagerFactoryBean : Closing JPA EntityManagerFactory for persistence unit 'default'
2019-04-10 10:15:06.283  INFO 17668 --- [Thread-3] com.zaxxer.hikari.HikariDataSource       : HikariPool-1 - Shutdown initiated...
2019-04-10 10:15:06.321  INFO 17668 --- [Thread-3] com.zaxxer.hikari.HikariDataSource       : HikariPool-1 - Shutdown completed.
2019-04-10 10:17:40.709  INFO 19940 --- [main] c.e.demo.MessageControllerLoggerTest     : Starting MessageControllerLoggerTest on OSZ1-LDL-P01964 with PID 19940 (started by serhii.shvets in C:\Users\serhii.shvets\git\repository\supposedToBeAnAwesomeApplication)
2019-04-10 10:17:40.711  INFO 19940 --- [main] c.e.demo.MessageControllerLoggerTest     : No active profile set, falling back to default profiles: default
2019-04-10 10:17:42.057  INFO 19940 --- [main] .s.d.r.c.RepositoryConfigurationDelegate : Bootstrapping Spring Data repositories in DEFAULT mode.
2019-04-10 10:17:42.168  INFO 19940 --- [main] .s.d.r.c.RepositoryConfigurationDelegate : Finished Spring Data repository scanning in 96ms. Found 1 repository interfaces.
2019-04-10 10:17:43.212  INFO 19940 --- [main] trationDelegate$BeanPostProcessorChecker : Bean 'org.springframework.transaction.annotation.ProxyTransactionManagementConfiguration' of type [org.springframework.transaction.annotation.ProxyTransactionManagementConfiguration$$EnhancerBySpringCGLIB$$d0573400] is not eligible for getting processed by all BeanPostProcessors (for example: not eligible for auto-proxying)
2019-04-10 10:17:43.770  INFO 19940 --- [main] com.zaxxer.hikari.HikariDataSource       : HikariPool-1 - Starting...
2019-04-10 10:17:43.863  INFO 19940 --- [main] com.zaxxer.hikari.pool.PoolBase          : HikariPool-1 - Driver does not support get/set network timeout for connections. (Method org.postgresql.jdbc42.Jdbc42Connection.getNetworkTimeout() is not yet implemented.)
2019-04-10 10:17:43.893  INFO 19940 --- [main] com.zaxxer.hikari.HikariDataSource       : HikariPool-1 - Start completed.
2019-04-10 10:17:44.002  INFO 19940 --- [main] o.hibernate.jpa.internal.util.LogHelper  : HHH000204: Processing PersistenceUnitInfo [
	name: default
	...]
2019-04-10 10:17:44.130  INFO 19940 --- [main] org.hibernate.Version                    : HHH000412: Hibernate Core {5.3.7.Final}
2019-04-10 10:17:44.134  INFO 19940 --- [main] org.hibernate.cfg.Environment            : HHH000206: hibernate.properties not found
2019-04-10 10:17:44.225  INFO 19940 --- [main] o.hibernate.annotations.common.Version   : HCANN000001: Hibernate Commons Annotations {5.0.4.Final}
2019-04-10 10:17:44.623  INFO 19940 --- [main] org.hibernate.dialect.Dialect            : HHH000400: Using dialect: org.hibernate.dialect.PostgreSQLDialect
2019-04-10 10:17:44.657  INFO 19940 --- [main] o.h.e.j.e.i.LobCreatorBuilderImpl        : HHH000422: Disabling contextual LOB creation as connection was null
2019-04-10 10:17:44.672  INFO 19940 --- [main] org.hibernate.type.BasicTypeRegistry     : HHH000270: Type registration [java.util.UUID] overrides previous : org.hibernate.type.UUIDBinaryType@9b76b60
2019-04-10 10:17:45.255  INFO 19940 --- [main] j.LocalContainerEntityManagerFactoryBean : Initialized JPA EntityManagerFactory for persistence unit 'default'
2019-04-10 10:17:46.682  INFO 19940 --- [main] o.s.s.concurrent.ThreadPoolTaskExecutor  : Initializing ExecutorService 'applicationTaskExecutor'
2019-04-10 10:17:46.763  WARN 19940 --- [main] aWebConfiguration$JpaWebMvcConfiguration : spring.jpa.open-in-view is enabled by default. Therefore, database queries may be performed during view rendering. Explicitly configure spring.jpa.open-in-view to disable this warning
2019-04-10 10:17:47.306  INFO 19940 --- [main] c.e.demo.MessageControllerLoggerTest     : Started MessageControllerLoggerTest in 7.085 seconds (JVM running for 8.331)
2019-04-10 10:17:47.409 DEBUG 19940 --- [main] com.example.demo.sl.MessageController    : Unable to post a new message with ID 1 since message with provided ID is already exists.
2019-04-10 10:17:47.571 DEBUG 19940 --- [main] com.example.demo.sl.MessageController    : Posted new message with id= 1
2019-04-10 10:17:47.595  INFO 19940 --- [Thread-3] o.s.s.concurrent.ThreadPoolTaskExecutor  : Shutting down ExecutorService 'applicationTaskExecutor'
2019-04-10 10:17:47.600  INFO 19940 --- [Thread-3] j.LocalContainerEntityManagerFactoryBean : Closing JPA EntityManagerFactory for persistence unit 'default'
2019-04-10 10:17:47.605  INFO 19940 --- [Thread-3] com.zaxxer.hikari.HikariDataSource       : HikariPool-1 - Shutdown initiated...
2019-04-10 10:17:47.636  INFO 19940 --- [Thread-3] com.zaxxer.hikari.HikariDataSource       : HikariPool-1 - Shutdown completed.
2019-04-10 10:18:31.132  INFO 14192 --- [main] c.e.demo.MessageControllerLoggerTest     : Starting MessageControllerLoggerTest on OSZ1-LDL-P01964 with PID 14192 (started by serhii.shvets in C:\Users\serhii.shvets\git\repository\supposedToBeAnAwesomeApplication)
2019-04-10 10:18:31.136  INFO 14192 --- [main] c.e.demo.MessageControllerLoggerTest     : No active profile set, falling back to default profiles: default
2019-04-10 10:18:32.388  INFO 14192 --- [main] .s.d.r.c.RepositoryConfigurationDelegate : Bootstrapping Spring Data repositories in DEFAULT mode.
2019-04-10 10:18:32.491  INFO 14192 --- [main] .s.d.r.c.RepositoryConfigurationDelegate : Finished Spring Data repository scanning in 91ms. Found 1 repository interfaces.
2019-04-10 10:18:33.601  INFO 14192 --- [main] trationDelegate$BeanPostProcessorChecker : Bean 'org.springframework.transaction.annotation.ProxyTransactionManagementConfiguration' of type [org.springframework.transaction.annotation.ProxyTransactionManagementConfiguration$$EnhancerBySpringCGLIB$$9dc3c24d] is not eligible for getting processed by all BeanPostProcessors (for example: not eligible for auto-proxying)
2019-04-10 10:18:34.002  INFO 14192 --- [main] com.zaxxer.hikari.HikariDataSource       : HikariPool-1 - Starting...
2019-04-10 10:18:34.092  INFO 14192 --- [main] com.zaxxer.hikari.pool.PoolBase          : HikariPool-1 - Driver does not support get/set network timeout for connections. (Method org.postgresql.jdbc42.Jdbc42Connection.getNetworkTimeout() is not yet implemented.)
2019-04-10 10:18:34.119  INFO 14192 --- [main] com.zaxxer.hikari.HikariDataSource       : HikariPool-1 - Start completed.
2019-04-10 10:18:34.212  INFO 14192 --- [main] o.hibernate.jpa.internal.util.LogHelper  : HHH000204: Processing PersistenceUnitInfo [
	name: default
	...]
2019-04-10 10:18:34.345  INFO 14192 --- [main] org.hibernate.Version                    : HHH000412: Hibernate Core {5.3.7.Final}
2019-04-10 10:18:34.349  INFO 14192 --- [main] org.hibernate.cfg.Environment            : HHH000206: hibernate.properties not found
2019-04-10 10:18:34.442  INFO 14192 --- [main] o.hibernate.annotations.common.Version   : HCANN000001: Hibernate Commons Annotations {5.0.4.Final}
2019-04-10 10:18:34.867  INFO 14192 --- [main] org.hibernate.dialect.Dialect            : HHH000400: Using dialect: org.hibernate.dialect.PostgreSQLDialect
2019-04-10 10:18:34.901  INFO 14192 --- [main] o.h.e.j.e.i.LobCreatorBuilderImpl        : HHH000422: Disabling contextual LOB creation as connection was null
2019-04-10 10:18:34.911  INFO 14192 --- [main] org.hibernate.type.BasicTypeRegistry     : HHH000270: Type registration [java.util.UUID] overrides previous : org.hibernate.type.UUIDBinaryType@46f902e0
2019-04-10 10:18:35.491  INFO 14192 --- [main] j.LocalContainerEntityManagerFactoryBean : Initialized JPA EntityManagerFactory for persistence unit 'default'
2019-04-10 10:18:36.884  INFO 14192 --- [main] o.s.s.concurrent.ThreadPoolTaskExecutor  : Initializing ExecutorService 'applicationTaskExecutor'
2019-04-10 10:18:36.981  WARN 14192 --- [main] aWebConfiguration$JpaWebMvcConfiguration : spring.jpa.open-in-view is enabled by default. Therefore, database queries may be performed during view rendering. Explicitly configure spring.jpa.open-in-view to disable this warning
2019-04-10 10:18:37.509  INFO 14192 --- [main] c.e.demo.MessageControllerLoggerTest     : Started MessageControllerLoggerTest in 6.927 seconds (JVM running for 8.146)
2019-04-10 10:18:37.597 DEBUG 14192 --- [main] com.example.demo.sl.MessageController    : Unable to post a new message with ID 1 since message with provided ID is already exists.
2019-04-10 10:18:37.711 DEBUG 14192 --- [main] com.example.demo.sl.MessageController    : Posted new message with id= 1
2019-04-10 10:18:37.733  INFO 14192 --- [Thread-3] o.s.s.concurrent.ThreadPoolTaskExecutor  : Shutting down ExecutorService 'applicationTaskExecutor'
2019-04-10 10:18:37.736  INFO 14192 --- [Thread-3] j.LocalContainerEntityManagerFactoryBean : Closing JPA EntityManagerFactory for persistence unit 'default'
2019-04-10 10:18:37.742  INFO 14192 --- [Thread-3] com.zaxxer.hikari.HikariDataSource       : HikariPool-1 - Shutdown initiated...
2019-04-10 10:18:37.769  INFO 14192 --- [Thread-3] com.zaxxer.hikari.HikariDataSource       : HikariPool-1 - Shutdown completed.
2019-04-10 10:20:18.135  INFO 21120 --- [main] c.e.demo.MessageControllerLoggerTest     : Starting MessageControllerLoggerTest on OSZ1-LDL-P01964 with PID 21120 (started by serhii.shvets in C:\Users\serhii.shvets\git\repository\supposedToBeAnAwesomeApplication)
2019-04-10 10:20:18.138  INFO 21120 --- [main] c.e.demo.MessageControllerLoggerTest     : No active profile set, falling back to default profiles: default
2019-04-10 10:20:19.262  INFO 21120 --- [main] .s.d.r.c.RepositoryConfigurationDelegate : Bootstrapping Spring Data repositories in DEFAULT mode.
2019-04-10 10:20:19.387  INFO 21120 --- [main] .s.d.r.c.RepositoryConfigurationDelegate : Finished Spring Data repository scanning in 108ms. Found 1 repository interfaces.
2019-04-10 10:20:20.548  INFO 21120 --- [main] trationDelegate$BeanPostProcessorChecker : Bean 'org.springframework.transaction.annotation.ProxyTransactionManagementConfiguration' of type [org.springframework.transaction.annotation.ProxyTransactionManagementConfiguration$$EnhancerBySpringCGLIB$$6747d005] is not eligible for getting processed by all BeanPostProcessors (for example: not eligible for auto-proxying)
2019-04-10 10:20:20.993  INFO 21120 --- [main] com.zaxxer.hikari.HikariDataSource       : HikariPool-1 - Starting...
2019-04-10 10:20:21.117  INFO 21120 --- [main] com.zaxxer.hikari.pool.PoolBase          : HikariPool-1 - Driver does not support get/set network timeout for connections. (Method org.postgresql.jdbc42.Jdbc42Connection.getNetworkTimeout() is not yet implemented.)
2019-04-10 10:20:21.162  INFO 21120 --- [main] com.zaxxer.hikari.HikariDataSource       : HikariPool-1 - Start completed.
2019-04-10 10:20:21.304  INFO 21120 --- [main] o.hibernate.jpa.internal.util.LogHelper  : HHH000204: Processing PersistenceUnitInfo [
	name: default
	...]
2019-04-10 10:20:21.454  INFO 21120 --- [main] org.hibernate.Version                    : HHH000412: Hibernate Core {5.3.7.Final}
2019-04-10 10:20:21.458  INFO 21120 --- [main] org.hibernate.cfg.Environment            : HHH000206: hibernate.properties not found
2019-04-10 10:20:21.561  INFO 21120 --- [main] o.hibernate.annotations.common.Version   : HCANN000001: Hibernate Commons Annotations {5.0.4.Final}
2019-04-10 10:20:21.924  INFO 21120 --- [main] org.hibernate.dialect.Dialect            : HHH000400: Using dialect: org.hibernate.dialect.PostgreSQLDialect
2019-04-10 10:20:21.955  INFO 21120 --- [main] o.h.e.j.e.i.LobCreatorBuilderImpl        : HHH000422: Disabling contextual LOB creation as connection was null
2019-04-10 10:20:21.965  INFO 21120 --- [main] org.hibernate.type.BasicTypeRegistry     : HHH000270: Type registration [java.util.UUID] overrides previous : org.hibernate.type.UUIDBinaryType@551e4c6d
2019-04-10 10:20:22.551  INFO 21120 --- [main] j.LocalContainerEntityManagerFactoryBean : Initialized JPA EntityManagerFactory for persistence unit 'default'
2019-04-10 10:20:23.941  INFO 21120 --- [main] o.s.s.concurrent.ThreadPoolTaskExecutor  : Initializing ExecutorService 'applicationTaskExecutor'
2019-04-10 10:20:24.023  WARN 21120 --- [main] aWebConfiguration$JpaWebMvcConfiguration : spring.jpa.open-in-view is enabled by default. Therefore, database queries may be performed during view rendering. Explicitly configure spring.jpa.open-in-view to disable this warning
2019-04-10 10:20:24.544  INFO 21120 --- [main] c.e.demo.MessageControllerLoggerTest     : Started MessageControllerLoggerTest in 6.941 seconds (JVM running for 8.106)
2019-04-10 10:20:24.761 DEBUG 21120 --- [main] com.example.demo.sl.MessageController    : Posted new message with id= 1
2019-04-10 10:20:24.780  INFO 21120 --- [Thread-3] o.s.s.concurrent.ThreadPoolTaskExecutor  : Shutting down ExecutorService 'applicationTaskExecutor'
2019-04-10 10:20:24.784  INFO 21120 --- [Thread-3] j.LocalContainerEntityManagerFactoryBean : Closing JPA EntityManagerFactory for persistence unit 'default'
2019-04-10 10:20:24.792  INFO 21120 --- [Thread-3] com.zaxxer.hikari.HikariDataSource       : HikariPool-1 - Shutdown initiated...
2019-04-10 10:20:24.818  INFO 21120 --- [Thread-3] com.zaxxer.hikari.HikariDataSource       : HikariPool-1 - Shutdown completed.
2019-04-10 10:29:54.007  INFO 21084 --- [main] c.e.demo.MessageControllerLoggerTest     : Starting MessageControllerLoggerTest on OSZ1-LDL-P01964 with PID 21084 (started by serhii.shvets in C:\Users\serhii.shvets\git\repository\supposedToBeAnAwesomeApplication)
2019-04-10 10:29:54.010  INFO 21084 --- [main] c.e.demo.MessageControllerLoggerTest     : No active profile set, falling back to default profiles: default
2019-04-10 10:29:55.242  INFO 21084 --- [main] .s.d.r.c.RepositoryConfigurationDelegate : Bootstrapping Spring Data repositories in DEFAULT mode.
2019-04-10 10:29:55.326  INFO 21084 --- [main] .s.d.r.c.RepositoryConfigurationDelegate : Finished Spring Data repository scanning in 74ms. Found 1 repository interfaces.
2019-04-10 10:29:56.318  INFO 21084 --- [main] trationDelegate$BeanPostProcessorChecker : Bean 'org.springframework.transaction.annotation.ProxyTransactionManagementConfiguration' of type [org.springframework.transaction.annotation.ProxyTransactionManagementConfiguration$$EnhancerBySpringCGLIB$$8ca49bdb] is not eligible for getting processed by all BeanPostProcessors (for example: not eligible for auto-proxying)
2019-04-10 10:29:56.719  INFO 21084 --- [main] com.zaxxer.hikari.HikariDataSource       : HikariPool-1 - Starting...
2019-04-10 10:29:56.809  INFO 21084 --- [main] com.zaxxer.hikari.pool.PoolBase          : HikariPool-1 - Driver does not support get/set network timeout for connections. (Method org.postgresql.jdbc42.Jdbc42Connection.getNetworkTimeout() is not yet implemented.)
2019-04-10 10:29:56.835  INFO 21084 --- [main] com.zaxxer.hikari.HikariDataSource       : HikariPool-1 - Start completed.
2019-04-10 10:29:56.931  INFO 21084 --- [main] o.hibernate.jpa.internal.util.LogHelper  : HHH000204: Processing PersistenceUnitInfo [
	name: default
	...]
2019-04-10 10:29:57.048  INFO 21084 --- [main] org.hibernate.Version                    : HHH000412: Hibernate Core {5.3.7.Final}
2019-04-10 10:29:57.051  INFO 21084 --- [main] org.hibernate.cfg.Environment            : HHH000206: hibernate.properties not found
2019-04-10 10:29:57.158  INFO 21084 --- [main] o.hibernate.annotations.common.Version   : HCANN000001: Hibernate Commons Annotations {5.0.4.Final}
2019-04-10 10:29:57.547  INFO 21084 --- [main] org.hibernate.dialect.Dialect            : HHH000400: Using dialect: org.hibernate.dialect.PostgreSQLDialect
2019-04-10 10:29:57.578  INFO 21084 --- [main] o.h.e.j.e.i.LobCreatorBuilderImpl        : HHH000422: Disabling contextual LOB creation as connection was null
2019-04-10 10:29:57.590  INFO 21084 --- [main] org.hibernate.type.BasicTypeRegistry     : HHH000270: Type registration [java.util.UUID] overrides previous : org.hibernate.type.UUIDBinaryType@361abd01
2019-04-10 10:29:58.176  INFO 21084 --- [main] j.LocalContainerEntityManagerFactoryBean : Initialized JPA EntityManagerFactory for persistence unit 'default'
2019-04-10 10:29:59.589  INFO 21084 --- [main] o.s.s.concurrent.ThreadPoolTaskExecutor  : Initializing ExecutorService 'applicationTaskExecutor'
2019-04-10 10:29:59.681  WARN 21084 --- [main] aWebConfiguration$JpaWebMvcConfiguration : spring.jpa.open-in-view is enabled by default. Therefore, database queries may be performed during view rendering. Explicitly configure spring.jpa.open-in-view to disable this warning
2019-04-10 10:30:00.235  INFO 21084 --- [main] c.e.demo.MessageControllerLoggerTest     : Started MessageControllerLoggerTest in 6.765 seconds (JVM running for 8.117)
2019-04-10 10:30:00.427 DEBUG 21084 --- [main] com.example.demo.sl.MessageController    : Unable to post a new message with ID 1 since message with provided ID is already exists.
2019-04-10 10:30:00.445 DEBUG 21084 --- [main] com.example.demo.sl.MessageController    : Posted new message with id= 1
2019-04-10 10:30:00.464  INFO 21084 --- [Thread-3] o.s.s.concurrent.ThreadPoolTaskExecutor  : Shutting down ExecutorService 'applicationTaskExecutor'
2019-04-10 10:30:00.469  INFO 21084 --- [Thread-3] j.LocalContainerEntityManagerFactoryBean : Closing JPA EntityManagerFactory for persistence unit 'default'
2019-04-10 10:30:00.474  INFO 21084 --- [Thread-3] com.zaxxer.hikari.HikariDataSource       : HikariPool-1 - Shutdown initiated...
2019-04-10 10:30:00.495  INFO 21084 --- [Thread-3] com.zaxxer.hikari.HikariDataSource       : HikariPool-1 - Shutdown completed.
2019-04-10 10:33:19.499  INFO 19252 --- [main] c.e.demo.MessageControllerLoggerTest     : Starting MessageControllerLoggerTest on OSZ1-LDL-P01964 with PID 19252 (started by serhii.shvets in C:\Users\serhii.shvets\git\repository\supposedToBeAnAwesomeApplication)
2019-04-10 10:33:19.507  INFO 19252 --- [main] c.e.demo.MessageControllerLoggerTest     : No active profile set, falling back to default profiles: default
2019-04-10 10:33:20.613  INFO 19252 --- [main] .s.d.r.c.RepositoryConfigurationDelegate : Bootstrapping Spring Data repositories in DEFAULT mode.
2019-04-10 10:33:20.765  INFO 19252 --- [main] .s.d.r.c.RepositoryConfigurationDelegate : Finished Spring Data repository scanning in 133ms. Found 1 repository interfaces.
2019-04-10 10:33:21.917  INFO 19252 --- [main] trationDelegate$BeanPostProcessorChecker : Bean 'org.springframework.transaction.annotation.ProxyTransactionManagementConfiguration' of type [org.springframework.transaction.annotation.ProxyTransactionManagementConfiguration$$EnhancerBySpringCGLIB$$b6ccb3c8] is not eligible for getting processed by all BeanPostProcessors (for example: not eligible for auto-proxying)
2019-04-10 10:33:22.328  INFO 19252 --- [main] com.zaxxer.hikari.HikariDataSource       : HikariPool-1 - Starting...
2019-04-10 10:33:22.445  INFO 19252 --- [main] com.zaxxer.hikari.pool.PoolBase          : HikariPool-1 - Driver does not support get/set network timeout for connections. (Method org.postgresql.jdbc42.Jdbc42Connection.getNetworkTimeout() is not yet implemented.)
2019-04-10 10:33:22.479  INFO 19252 --- [main] com.zaxxer.hikari.HikariDataSource       : HikariPool-1 - Start completed.
2019-04-10 10:33:22.614  INFO 19252 --- [main] o.hibernate.jpa.internal.util.LogHelper  : HHH000204: Processing PersistenceUnitInfo [
	name: default
	...]
2019-04-10 10:33:22.785  INFO 19252 --- [main] org.hibernate.Version                    : HHH000412: Hibernate Core {5.3.7.Final}
2019-04-10 10:33:22.789  INFO 19252 --- [main] org.hibernate.cfg.Environment            : HHH000206: hibernate.properties not found
2019-04-10 10:33:22.920  INFO 19252 --- [main] o.hibernate.annotations.common.Version   : HCANN000001: Hibernate Commons Annotations {5.0.4.Final}
2019-04-10 10:33:23.312  INFO 19252 --- [main] org.hibernate.dialect.Dialect            : HHH000400: Using dialect: org.hibernate.dialect.PostgreSQLDialect
2019-04-10 10:33:23.363  INFO 19252 --- [main] o.h.e.j.e.i.LobCreatorBuilderImpl        : HHH000422: Disabling contextual LOB creation as connection was null
2019-04-10 10:33:23.381  INFO 19252 --- [main] org.hibernate.type.BasicTypeRegistry     : HHH000270: Type registration [java.util.UUID] overrides previous : org.hibernate.type.UUIDBinaryType@551e4c6d
2019-04-10 10:33:24.001  INFO 19252 --- [main] j.LocalContainerEntityManagerFactoryBean : Initialized JPA EntityManagerFactory for persistence unit 'default'
2019-04-10 10:33:25.414  INFO 19252 --- [main] o.s.s.concurrent.ThreadPoolTaskExecutor  : Initializing ExecutorService 'applicationTaskExecutor'
2019-04-10 10:33:25.505  WARN 19252 --- [main] aWebConfiguration$JpaWebMvcConfiguration : spring.jpa.open-in-view is enabled by default. Therefore, database queries may be performed during view rendering. Explicitly configure spring.jpa.open-in-view to disable this warning
2019-04-10 10:33:26.098  INFO 19252 --- [main] c.e.demo.MessageControllerLoggerTest     : Started MessageControllerLoggerTest in 7.141 seconds (JVM running for 8.514)
2019-04-10 10:33:26.186 ERROR 19252 --- [main] com.example.demo.sl.MessageController    : Wrong database connection parameters. org.springframework.transaction.CannotCreateTransactionException: Text of exception
2019-04-10 10:33:26.320 DEBUG 19252 --- [main] com.example.demo.sl.MessageController    : Unable to post a new message with ID 1 since message with provided ID is already exists.
2019-04-10 10:33:26.348 DEBUG 19252 --- [main] com.example.demo.sl.MessageController    : Posted new message with id= 1
2019-04-10 10:33:26.368  INFO 19252 --- [Thread-3] o.s.s.concurrent.ThreadPoolTaskExecutor  : Shutting down ExecutorService 'applicationTaskExecutor'
2019-04-10 10:33:26.374  INFO 19252 --- [Thread-3] j.LocalContainerEntityManagerFactoryBean : Closing JPA EntityManagerFactory for persistence unit 'default'
2019-04-10 10:33:26.381  INFO 19252 --- [Thread-3] com.zaxxer.hikari.HikariDataSource       : HikariPool-1 - Shutdown initiated...
2019-04-10 10:33:26.407  INFO 19252 --- [Thread-3] com.zaxxer.hikari.HikariDataSource       : HikariPool-1 - Shutdown completed.
2019-04-10 10:35:10.957  INFO 14540 --- [main] c.e.demo.MessageControllerLoggerTest     : Starting MessageControllerLoggerTest on OSZ1-LDL-P01964 with PID 14540 (started by serhii.shvets in C:\Users\serhii.shvets\git\repository\supposedToBeAnAwesomeApplication)
2019-04-10 10:35:10.959  INFO 14540 --- [main] c.e.demo.MessageControllerLoggerTest     : No active profile set, falling back to default profiles: default
2019-04-10 10:35:12.400  INFO 14540 --- [main] .s.d.r.c.RepositoryConfigurationDelegate : Bootstrapping Spring Data repositories in DEFAULT mode.
2019-04-10 10:35:12.557  INFO 14540 --- [main] .s.d.r.c.RepositoryConfigurationDelegate : Finished Spring Data repository scanning in 138ms. Found 1 repository interfaces.
2019-04-10 10:35:13.939  INFO 14540 --- [main] trationDelegate$BeanPostProcessorChecker : Bean 'org.springframework.transaction.annotation.ProxyTransactionManagementConfiguration' of type [org.springframework.transaction.annotation.ProxyTransactionManagementConfiguration$$EnhancerBySpringCGLIB$$52edfd1a] is not eligible for getting processed by all BeanPostProcessors (for example: not eligible for auto-proxying)
2019-04-10 10:35:14.521  INFO 14540 --- [main] com.zaxxer.hikari.HikariDataSource       : HikariPool-1 - Starting...
2019-04-10 10:35:14.634  INFO 14540 --- [main] com.zaxxer.hikari.pool.PoolBase          : HikariPool-1 - Driver does not support get/set network timeout for connections. (Method org.postgresql.jdbc42.Jdbc42Connection.getNetworkTimeout() is not yet implemented.)
2019-04-10 10:35:14.670  INFO 14540 --- [main] com.zaxxer.hikari.HikariDataSource       : HikariPool-1 - Start completed.
2019-04-10 10:35:14.790  INFO 14540 --- [main] o.hibernate.jpa.internal.util.LogHelper  : HHH000204: Processing PersistenceUnitInfo [
	name: default
	...]
2019-04-10 10:35:14.930  INFO 14540 --- [main] org.hibernate.Version                    : HHH000412: Hibernate Core {5.3.7.Final}
2019-04-10 10:35:14.932  INFO 14540 --- [main] org.hibernate.cfg.Environment            : HHH000206: hibernate.properties not found
2019-04-10 10:35:15.023  INFO 14540 --- [main] o.hibernate.annotations.common.Version   : HCANN000001: Hibernate Commons Annotations {5.0.4.Final}
2019-04-10 10:35:15.412  INFO 14540 --- [main] org.hibernate.dialect.Dialect            : HHH000400: Using dialect: org.hibernate.dialect.PostgreSQLDialect
2019-04-10 10:35:15.448  INFO 14540 --- [main] o.h.e.j.e.i.LobCreatorBuilderImpl        : HHH000422: Disabling contextual LOB creation as connection was null
2019-04-10 10:35:15.458  INFO 14540 --- [main] org.hibernate.type.BasicTypeRegistry     : HHH000270: Type registration [java.util.UUID] overrides previous : org.hibernate.type.UUIDBinaryType@5d1e0fbb
2019-04-10 10:35:16.071  INFO 14540 --- [main] j.LocalContainerEntityManagerFactoryBean : Initialized JPA EntityManagerFactory for persistence unit 'default'
2019-04-10 10:35:17.531  INFO 14540 --- [main] o.s.s.concurrent.ThreadPoolTaskExecutor  : Initializing ExecutorService 'applicationTaskExecutor'
2019-04-10 10:35:17.626  WARN 14540 --- [main] aWebConfiguration$JpaWebMvcConfiguration : spring.jpa.open-in-view is enabled by default. Therefore, database queries may be performed during view rendering. Explicitly configure spring.jpa.open-in-view to disable this warning
2019-04-10 10:35:18.163  INFO 14540 --- [main] c.e.demo.MessageControllerLoggerTest     : Started MessageControllerLoggerTest in 7.728 seconds (JVM running for 8.985)
2019-04-10 10:35:18.257 ERROR 14540 --- [main] com.example.demo.sl.MessageController    : Wrong database connection parameters. org.springframework.transaction.CannotCreateTransactionException: Text of exception
2019-04-10 10:35:18.364 DEBUG 14540 --- [main] com.example.demo.sl.MessageController    : Unable to post a new message with ID 1 since message with provided ID is already exists.
2019-04-10 10:35:18.384 DEBUG 14540 --- [main] com.example.demo.sl.MessageController    : Posted new message with id= 1
2019-04-10 10:35:18.399  INFO 14540 --- [Thread-3] o.s.s.concurrent.ThreadPoolTaskExecutor  : Shutting down ExecutorService 'applicationTaskExecutor'
2019-04-10 10:35:18.404  INFO 14540 --- [Thread-3] j.LocalContainerEntityManagerFactoryBean : Closing JPA EntityManagerFactory for persistence unit 'default'
2019-04-10 10:35:18.413  INFO 14540 --- [Thread-3] com.zaxxer.hikari.HikariDataSource       : HikariPool-1 - Shutdown initiated...
2019-04-10 10:35:18.434  INFO 14540 --- [Thread-3] com.zaxxer.hikari.HikariDataSource       : HikariPool-1 - Shutdown completed.
